{
  "RSpec": {
    "coverage": {
      "/Users/selva/Repo/zone/config/environment.rb": [
        null,
        1,
        null,
        null,
        1,
        null,
        1
      ],
      "/Users/selva/Repo/zone/config/application.rb": [
        1,
        null,
        1,
        null,
        null,
        null,
        1,
        null,
        1,
        1,
        1,
        null,
        null,
        null,
        null,
        null,
        null,
        null,
        null,
        null,
        null,
        null,
        null,
        null,
        null,
        1,
        null,
        1,
        null,
        null
      ],
      "/Users/selva/Repo/zone/config/boot.rb": [
        1,
        null,
        1
      ],
      "/Users/selva/Repo/zone/config/environments/test.rb": [
        1,
        null,
        null,
        null,
        null,
        null,
        1,
        null,
        null,
        1,
        null,
        null,
        1,
        1,
        null,
        null,
        1,
        null,
        null,
        1,
        null,
        null,
        1,
        null,
        null,
        null,
        null,
        1,
        1,
        null,
        null,
        null,
        1,
        null,
        null,
        null,
        null,
        1,
        null,
        null,
        null,
        null
      ],
      "/Users/selva/Repo/zone/config/initializers/backtrace_silencers.rb": [
        null,
        null,
        null,
        null,
        null,
        null,
        null
      ],
      "/Users/selva/Repo/zone/config/initializers/filter_parameter_logging.rb": [
        null,
        null,
        null,
        1
      ],
      "/Users/selva/Repo/zone/config/initializers/inflections.rb": [
        null,
        null,
        null,
        null,
        null,
        null,
        null,
        null,
        null,
        null,
        null,
        null,
        null,
        null,
        null,
        null
      ],
      "/Users/selva/Repo/zone/config/initializers/mime_types.rb": [
        null,
        null,
        null,
        null
      ],
      "/Users/selva/Repo/zone/config/initializers/session_store.rb": [
        null,
        null,
        1
      ],
      "/Users/selva/Repo/zone/config/initializers/wrap_parameters.rb": [
        null,
        null,
        null,
        null,
        null,
        null,
        1,
        2,
        null,
        null,
        null,
        null,
        null,
        null,
        1
      ],
      "/Users/selva/Repo/zone/config/routes.rb": [
        1,
        1,
        1,
        null,
        1,
        1,
        1,
        1,
        1,
        null,
        null
      ],
      "/Users/selva/Repo/zone/app/helpers/application_helper.rb": [
        1,
        null
      ],
      "/Users/selva/Repo/zone/spec/support/database_cleaner.rb": [
        null,
        null,
        1,
        null,
        null,
        null,
        1,
        1,
        1,
        1,
        null,
        null,
        1,
        2,
        2,
        null,
        null,
        null
      ],
      "/Users/selva/Repo/zone/spec/support/factory_bot.rb": [
        null,
        null,
        1,
        null,
        1,
        1,
        null
      ],
      "/Users/selva/Repo/zone/spec/factories/zone.rb": [
        1,
        1,
        3,
        3,
        3,
        null,
        null
      ],
      "/Users/selva/Repo/zone/spec/support/request_helper.rb": [
        1,
        1,
        null,
        null,
        1,
        0,
        null,
        null,
        1,
        0,
        null,
        null,
        1,
        0,
        0,
        null,
        0,
        null,
        null,
        null,
        null
      ],
      "/Users/selva/Repo/zone/spec/support/rspec_matcher.rb": [
        null,
        null,
        null,
        null,
        null,
        null,
        1,
        1,
        1,
        1,
        null,
        null
      ],
      "/Users/selva/Repo/zone/app/models/zone.rb": [
        1,
        null,
        1,
        1,
        null,
        null,
        null,
        1,
        1,
        null,
        1,
        0,
        null,
        null,
        1,
        0,
        null,
        null,
        1,
        0,
        null,
        null,
        1,
        0,
        0,
        0,
        null,
        null,
        1,
        0,
        0,
        0,
        null,
        0,
        null,
        null,
        1,
        0,
        null,
        null,
        1,
        0,
        0,
        0,
        null,
        null,
        null,
        null
      ]
    },
    "timestamp": 1627269737
  }
}
